2022-08-17 12:20:13 [scrapy.utils.log] INFO: Scrapy 2.5.1 started (bot: weibohot)
2022-08-17 12:20:13 [scrapy.utils.log] INFO: Versions: lxml 4.7.1.0, libxml2 2.9.12, cssselect 1.1.0, parsel 1.6.0, w3lib 1.22.0, Twisted 21.7.0, Python 3.8.12 | packaged by conda-forge | (default, Oct 12 2021, 23:40:23) - [GCC 9.4.0], pyOpenSSL 21.0.0 (OpenSSL 1.1.1m  14 Dec 2021), cryptography 36.0.1, Platform Linux-5.4.0-1060-raspi-aarch64-with-glibc2.17
2022-08-17 12:20:13 [scrapy.utils.log] DEBUG: Using reactor: twisted.internet.epollreactor.EPollReactor
2022-08-17 12:20:13 [scrapy.crawler] INFO: Overridden settings:
{'BOT_NAME': 'weibohot',
 'DOWNLOAD_DELAY': 5,
 'FEED_EXPORT_ENCODING': 'utf-8',
 'LOG_FILE': 'logs/weibohot/weibo/dbbb43b21de311edad69ed3bac0f783f.log',
 'NEWSPIDER_MODULE': 'weibohot.spiders',
 'SPIDER_MODULES': ['weibohot.spiders']}
2022-08-17 12:20:14 [scrapy.extensions.telnet] INFO: Telnet Password: a2358aa6ec94d169
2022-08-17 12:20:14 [scrapy.middleware] INFO: Enabled extensions:
['scrapy.extensions.corestats.CoreStats',
 'scrapy.extensions.telnet.TelnetConsole',
 'scrapy.extensions.memusage.MemoryUsage',
 'scrapy.extensions.logstats.LogStats']
2022-08-17 12:20:14 [scrapy.middleware] INFO: Enabled downloader middlewares:
['scrapy.downloadermiddlewares.httpauth.HttpAuthMiddleware',
 'scrapy.downloadermiddlewares.downloadtimeout.DownloadTimeoutMiddleware',
 'scrapy.downloadermiddlewares.defaultheaders.DefaultHeadersMiddleware',
 'scrapy.downloadermiddlewares.useragent.UserAgentMiddleware',
 'weibohot.middlewares.RandomUserAgentMiddleware',
 'scrapy.downloadermiddlewares.retry.RetryMiddleware',
 'scrapy.downloadermiddlewares.redirect.MetaRefreshMiddleware',
 'scrapy.downloadermiddlewares.httpcompression.HttpCompressionMiddleware',
 'scrapy.downloadermiddlewares.redirect.RedirectMiddleware',
 'scrapy.downloadermiddlewares.cookies.CookiesMiddleware',
 'scrapy.downloadermiddlewares.httpproxy.HttpProxyMiddleware',
 'scrapy.downloadermiddlewares.stats.DownloaderStats']
2022-08-17 12:20:14 [scrapy.middleware] INFO: Enabled spider middlewares:
['scrapy.spidermiddlewares.httperror.HttpErrorMiddleware',
 'scrapy.spidermiddlewares.offsite.OffsiteMiddleware',
 'scrapy.spidermiddlewares.referer.RefererMiddleware',
 'scrapy.spidermiddlewares.urllength.UrlLengthMiddleware',
 'scrapy.spidermiddlewares.depth.DepthMiddleware']
2022-08-17 12:20:16 [scrapy.middleware] INFO: Enabled item pipelines:
['weibohot.pipelines.MongodbPipeline', 'weibohot.pipelines.SendCloudMsg']
2022-08-17 12:20:16 [scrapy.core.engine] INFO: Spider opened
2022-08-17 12:20:16 [scrapy.extensions.logstats] INFO: Crawled 0 pages (at 0 pages/min), scraped 0 items (at 0 items/min)
2022-08-17 12:20:16 [scrapy.extensions.telnet] INFO: Telnet console listening on 127.0.0.1:6023
2022-08-17 12:20:17 [scrapy.core.engine] DEBUG: Crawled (200) <GET https://api.weibo.cn/2/page?gsid=_2A25Py8CXDeRxGedP6FYV-SfIyzuIHXVqwVNfrDV6PUJbkdAKLUfgkWpNXCzTk4jueNeAPSQ1toQzKFChL__tnPte&from=10C7093010&c=iphone&s=2C32767A&containerid=106003type%3D25%26t%3D3%26disable_hot%3D1%26filter_type%3Dregion> (referer: None)
2022-08-17 12:20:24 [scrapy.core.engine] DEBUG: Crawled (200) <GET https://api.weibo.cn/2/searchall?gsid=_2A25Py8CXDeRxGedP6FYV-SfIyzuIHXVqwVNfrDV6PUJbkdAKLUfgkWpNXCzTk4jueNeAPSQ1toQzKFChL__tnPte&from=10C7093010&c=iphone&s=2C32767A&containerid=100103type%3D1%26q%3D%E8%B4%B5%E5%B7%9E%E4%B8%80%E6%8E%A5%E4%BA%B2%E7%8E%B0%E5%9C%BA%E7%A7%92%E5%8F%98%E7%94%9C%E8%9C%9C%E6%BC%94%E5%94%B1%E4%BC%9A> (referer: https://api.weibo.cn/2/page?gsid=_2A25Py8CXDeRxGedP6FYV-SfIyzuIHXVqwVNfrDV6PUJbkdAKLUfgkWpNXCzTk4jueNeAPSQ1toQzKFChL__tnPte&from=10C7093010&c=iphone&s=2C32767A&containerid=106003type%3D25%26t%3D3%26disable_hot%3D1%26filter_type%3Dregion)
2022-08-17 12:20:24 [urllib3.connectionpool] DEBUG: Starting new HTTPS connection (1): www.tangwei.cc:443
2022-08-17 12:20:25 [urllib3.connectionpool] DEBUG: https://www.tangwei.cc:443 "POST /api/receive_weibohot HTTP/1.1" 200 4
2022-08-17 12:20:25 [scrapy.core.scraper] DEBUG: Scraped from <200 https://api.weibo.cn/2/searchall?gsid=_2A25Py8CXDeRxGedP6FYV-SfIyzuIHXVqwVNfrDV6PUJbkdAKLUfgkWpNXCzTk4jueNeAPSQ1toQzKFChL__tnPte&from=10C7093010&c=iphone&s=2C32767A&containerid=100103type%3D1%26q%3D%E8%B4%B5%E5%B7%9E%E4%B8%80%E6%8E%A5%E4%BA%B2%E7%8E%B0%E5%9C%BA%E7%A7%92%E5%8F%98%E7%94%9C%E8%9C%9C%E6%BC%94%E5%94%B1%E4%BC%9A>
{'add_time': 1660710024,
 'author': '百姓关注',
 'history': [],
 'hot_num': 5878,
 'text': '【#贵州一接亲现场秒变甜蜜演唱会# '
         '喜庆、文明引人夸赞！】近日，贵州独山一接亲现场秒变甜蜜演唱会，全场一起大合唱。这样的结婚气氛引网友夸赞：“文明婚嫁，开心又幸福！”  '
         'http://t.cn/A6Sb5OA3 ',
 'title': '贵州一接亲现场秒变甜蜜演唱会'}
2022-08-17 12:20:29 [scrapy.core.engine] DEBUG: Crawled (200) <GET https://api.weibo.cn/2/searchall?gsid=_2A25Py8CXDeRxGedP6FYV-SfIyzuIHXVqwVNfrDV6PUJbkdAKLUfgkWpNXCzTk4jueNeAPSQ1toQzKFChL__tnPte&from=10C7093010&c=iphone&s=2C32767A&containerid=100103type%3D1%26q%3D1834%E7%B1%B3%E8%B7%A8%E6%B1%9F%E5%A4%A7%E6%A1%A5%E9%9C%87%E6%92%BC%E5%90%88%E9%BE%99> (referer: https://api.weibo.cn/2/page?gsid=_2A25Py8CXDeRxGedP6FYV-SfIyzuIHXVqwVNfrDV6PUJbkdAKLUfgkWpNXCzTk4jueNeAPSQ1toQzKFChL__tnPte&from=10C7093010&c=iphone&s=2C32767A&containerid=106003type%3D25%26t%3D3%26disable_hot%3D1%26filter_type%3Dregion)
2022-08-17 12:20:29 [urllib3.connectionpool] DEBUG: Starting new HTTPS connection (1): www.tangwei.cc:443
2022-08-17 12:20:30 [urllib3.connectionpool] DEBUG: https://www.tangwei.cc:443 "POST /api/receive_weibohot HTTP/1.1" 200 4
2022-08-17 12:20:30 [scrapy.core.scraper] DEBUG: Scraped from <200 https://api.weibo.cn/2/searchall?gsid=_2A25Py8CXDeRxGedP6FYV-SfIyzuIHXVqwVNfrDV6PUJbkdAKLUfgkWpNXCzTk4jueNeAPSQ1toQzKFChL__tnPte&from=10C7093010&c=iphone&s=2C32767A&containerid=100103type%3D1%26q%3D1834%E7%B1%B3%E8%B7%A8%E6%B1%9F%E5%A4%A7%E6%A1%A5%E9%9C%87%E6%92%BC%E5%90%88%E9%BE%99>
{'add_time': 1660710029,
 'author': '新华社',
 'history': [],
 'hot_num': 5885,
 'text': '【#1834米跨江大桥震撼合龙#】近日，由中交一公局承建的德余高速乌江特大桥顺利合龙。德余高速乌江特大桥位于贵州省思南、石阡、凤冈三县交界处，是德江至余庆高速公路的重要控制性工程，大桥全长1834米，主桥为504米上承式钢管混凝土拱桥。网友：#基建狂魔又上新了#！（记者：陶亮）   ',
 'title': '1834米跨江大桥震撼合龙'}
2022-08-17 12:20:36 [scrapy.core.engine] DEBUG: Crawled (200) <GET https://api.weibo.cn/2/searchall?gsid=_2A25Py8CXDeRxGedP6FYV-SfIyzuIHXVqwVNfrDV6PUJbkdAKLUfgkWpNXCzTk4jueNeAPSQ1toQzKFChL__tnPte&from=10C7093010&c=iphone&s=2C32767A&containerid=100103type%3D1%26q%3D%E8%93%9D%E6%9C%8B%E5%8F%8B%E9%83%BD%E6%98%AF%E5%A4%A9%E9%99%8D%E7%A5%9E%E5%85%B5%E5%90%A7> (referer: https://api.weibo.cn/2/page?gsid=_2A25Py8CXDeRxGedP6FYV-SfIyzuIHXVqwVNfrDV6PUJbkdAKLUfgkWpNXCzTk4jueNeAPSQ1toQzKFChL__tnPte&from=10C7093010&c=iphone&s=2C32767A&containerid=106003type%3D25%26t%3D3%26disable_hot%3D1%26filter_type%3Dregion)
2022-08-17 12:20:36 [urllib3.connectionpool] DEBUG: Starting new HTTPS connection (1): www.tangwei.cc:443
2022-08-17 12:20:37 [urllib3.connectionpool] DEBUG: https://www.tangwei.cc:443 "POST /api/receive_weibohot HTTP/1.1" 200 4
2022-08-17 12:20:37 [scrapy.core.scraper] DEBUG: Scraped from <200 https://api.weibo.cn/2/searchall?gsid=_2A25Py8CXDeRxGedP6FYV-SfIyzuIHXVqwVNfrDV6PUJbkdAKLUfgkWpNXCzTk4jueNeAPSQ1toQzKFChL__tnPte&from=10C7093010&c=iphone&s=2C32767A&containerid=100103type%3D1%26q%3D%E8%93%9D%E6%9C%8B%E5%8F%8B%E9%83%BD%E6%98%AF%E5%A4%A9%E9%99%8D%E7%A5%9E%E5%85%B5%E5%90%A7>
{'add_time': 1660710036,
 'author': '点时新闻',
 'history': [],
 'hot_num': 6172,
 'text': '【#消防员往返百次送水急救百亩果园# '
         '高温下供水200吨力减损失】近日，贵州遵义，余庆县一村民刘某百亩果园遭遇干旱，园内脆红李出现不同程度干枯，情况紧急，刘某无奈求助消防。消防员利用水罐车，冒高温往返百余次，从数公里外河滨取水，送水200余吨浇灌果园。刘某称：有了消防员的帮助，极大地降低 ',
 'title': '蓝朋友都是天降神兵吧'}
2022-08-17 12:20:40 [scrapy.core.engine] DEBUG: Crawled (200) <GET https://api.weibo.cn/2/searchall?gsid=_2A25Py8CXDeRxGedP6FYV-SfIyzuIHXVqwVNfrDV6PUJbkdAKLUfgkWpNXCzTk4jueNeAPSQ1toQzKFChL__tnPte&from=10C7093010&c=iphone&s=2C32767A&containerid=100103type%3D1%26q%3D%E8%B4%B5%E5%B7%9E29%E5%B2%81%E5%B0%8F%E4%BC%99%E7%A0%94%E7%A9%B6%E6%88%90%E6%9E%9C%E7%99%BB%E4%B8%8A%E4%B8%96%E7%95%8C%E9%A1%B6%E7%BA%A7%E5%AD%A6%E6%9C%AF%E6%9C%9F%E5%88%8A> (referer: https://api.weibo.cn/2/page?gsid=_2A25Py8CXDeRxGedP6FYV-SfIyzuIHXVqwVNfrDV6PUJbkdAKLUfgkWpNXCzTk4jueNeAPSQ1toQzKFChL__tnPte&from=10C7093010&c=iphone&s=2C32767A&containerid=106003type%3D25%26t%3D3%26disable_hot%3D1%26filter_type%3Dregion)
2022-08-17 12:20:40 [urllib3.connectionpool] DEBUG: Starting new HTTPS connection (1): www.tangwei.cc:443
2022-08-17 12:20:42 [urllib3.connectionpool] DEBUG: https://www.tangwei.cc:443 "POST /api/receive_weibohot HTTP/1.1" 200 4
2022-08-17 12:20:42 [scrapy.core.scraper] DEBUG: Scraped from <200 https://api.weibo.cn/2/searchall?gsid=_2A25Py8CXDeRxGedP6FYV-SfIyzuIHXVqwVNfrDV6PUJbkdAKLUfgkWpNXCzTk4jueNeAPSQ1toQzKFChL__tnPte&from=10C7093010&c=iphone&s=2C32767A&containerid=100103type%3D1%26q%3D%E8%B4%B5%E5%B7%9E29%E5%B2%81%E5%B0%8F%E4%BC%99%E7%A0%94%E7%A9%B6%E6%88%90%E6%9E%9C%E7%99%BB%E4%B8%8A%E4%B8%96%E7%95%8C%E9%A1%B6%E7%BA%A7%E5%AD%A6%E6%9C%AF%E6%9C%9F%E5%88%8A>
{'add_time': 1660710040,
 'author': '天眼新闻',
 'history': [],
 'hot_num': 6300,
 'text': '【#贵州29岁小伙研究成果登上世界顶级学术期刊# '
         '】创新是第一动力，人才是第一资源，青年科研人员是科技创新的生力军。29岁的青年科研学者徐沛雨，贵州省兴义市人，毕业于贵州省兴义中学，他聚焦快乐神经递质，探索生命奥秘，研究成果登上多个世界顶级学术期刊。详情戳 '
         'http://t.cn/A6SbFFGE ',
 'title': '贵州29岁小伙研究成果登上世界顶级学术期刊'}
2022-08-17 12:21:43 [scrapy.extensions.logstats] INFO: Crawled 5 pages (at 5 pages/min), scraped 4 items (at 4 items/min)
2022-08-17 12:21:43 [scrapy.core.engine] DEBUG: Crawled (200) <GET https://api.weibo.cn/2/searchall?gsid=_2A25Py8CXDeRxGedP6FYV-SfIyzuIHXVqwVNfrDV6PUJbkdAKLUfgkWpNXCzTk4jueNeAPSQ1toQzKFChL__tnPte&from=10C7093010&c=iphone&s=2C32767A&containerid=100103type%3D1%26q%3D%E8%B4%B5%E5%B7%9E%E4%B9%8C%E8%92%99%E5%A4%A7%E8%8D%89%E5%8E%9F%E6%99%AF%E5%8C%BA%E5%AE%9E%E8%A1%8C%E4%BA%A4%E9%80%9A%E7%AE%A1%E5%88%B6> (referer: https://api.weibo.cn/2/page?gsid=_2A25Py8CXDeRxGedP6FYV-SfIyzuIHXVqwVNfrDV6PUJbkdAKLUfgkWpNXCzTk4jueNeAPSQ1toQzKFChL__tnPte&from=10C7093010&c=iphone&s=2C32767A&containerid=106003type%3D25%26t%3D3%26disable_hot%3D1%26filter_type%3Dregion)
2022-08-17 12:21:45 [urllib3.connectionpool] DEBUG: Starting new HTTPS connection (1): www.tangwei.cc:443
2022-08-17 12:21:48 [urllib3.connectionpool] DEBUG: https://www.tangwei.cc:443 "POST /api/receive_weibohot HTTP/1.1" 200 4
2022-08-17 12:21:48 [scrapy.core.scraper] DEBUG: Scraped from <200 https://api.weibo.cn/2/searchall?gsid=_2A25Py8CXDeRxGedP6FYV-SfIyzuIHXVqwVNfrDV6PUJbkdAKLUfgkWpNXCzTk4jueNeAPSQ1toQzKFChL__tnPte&from=10C7093010&c=iphone&s=2C32767A&containerid=100103type%3D1%26q%3D%E8%B4%B5%E5%B7%9E%E4%B9%8C%E8%92%99%E5%A4%A7%E8%8D%89%E5%8E%9F%E6%99%AF%E5%8C%BA%E5%AE%9E%E8%A1%8C%E4%BA%A4%E9%80%9A%E7%AE%A1%E5%88%B6>
{'add_time': 1660710104,
 'author': '天眼新闻',
 'history': [],
 'hot_num': 5618,
 'text': '#贵州乌蒙大草原景区实行交通管制#\xa0'
         '盘州市旅游产业化发展中心发布《关于乌蒙大草原景区实行单向行驶交通管制的公告》，由于乌蒙大草原景区道路较窄，弯急坡陡，为确保交通不发生堵塞，景区决定2022 '
         '年 8月 16日到2022 年8 月 31日期间实行交通管制，每天从9:00 到16:30 设立单行线路：所有进入景区车辆 ',
 'title': '贵州乌蒙大草原景区实行交通管制'}
2022-08-17 12:21:51 [scrapy.core.engine] DEBUG: Crawled (200) <GET https://api.weibo.cn/2/searchall?gsid=_2A25Py8CXDeRxGedP6FYV-SfIyzuIHXVqwVNfrDV6PUJbkdAKLUfgkWpNXCzTk4jueNeAPSQ1toQzKFChL__tnPte&from=10C7093010&c=iphone&s=2C32767A&containerid=100103type%3D1%26q%3D%E8%B4%B5%E5%B7%9E%E4%B8%A4%E7%B1%BB%E5%8D%95%E4%BD%8D%E5%85%AC%E7%A7%AF%E9%87%91%E7%BC%B4%E5%AD%98%E5%9F%BA%E6%95%B0%E8%B0%83%E6%95%B4> (referer: https://api.weibo.cn/2/page?gsid=_2A25Py8CXDeRxGedP6FYV-SfIyzuIHXVqwVNfrDV6PUJbkdAKLUfgkWpNXCzTk4jueNeAPSQ1toQzKFChL__tnPte&from=10C7093010&c=iphone&s=2C32767A&containerid=106003type%3D25%26t%3D3%26disable_hot%3D1%26filter_type%3Dregion)
2022-08-17 12:22:13 [urllib3.connectionpool] DEBUG: Starting new HTTPS connection (1): www.tangwei.cc:443
2022-08-17 12:23:42 [scrapy.core.scraper] ERROR: Error processing {'add_time': 1660710128,
 'author': '贵州日报官微',
 'history': [],
 'hot_num': 5660,
 'text': '#贵州买房#【通知！贵州省两类单位职工住房公积金缴存基数有调整】各省级财政拨款机关事业单位：根据《住房公积金管理条例》,参照贵阳市住房公积金管理中心《关于2022— '
         '2023 '
         '年度贵阳市贵安新区住房公积金缴存比例及缴存基数执行标准的通知》(筑公积金通字〔2022〕76号)有关规定，经研究，现将2022- ',
 'title': '贵州两类单位公积金缴存基数调整'}
Traceback (most recent call last):
  File "/root/archiconda3/envs/spider/lib/python3.8/site-packages/urllib3/connectionpool.py", line 703, in urlopen
    httplib_response = self._make_request(
  File "/root/archiconda3/envs/spider/lib/python3.8/site-packages/urllib3/connectionpool.py", line 386, in _make_request
    self._validate_conn(conn)
  File "/root/archiconda3/envs/spider/lib/python3.8/site-packages/urllib3/connectionpool.py", line 1040, in _validate_conn
    conn.connect()
  File "/root/archiconda3/envs/spider/lib/python3.8/site-packages/urllib3/connection.py", line 416, in connect
    self.sock = ssl_wrap_socket(
  File "/root/archiconda3/envs/spider/lib/python3.8/site-packages/urllib3/util/ssl_.py", line 449, in ssl_wrap_socket
    ssl_sock = _ssl_wrap_socket_impl(
  File "/root/archiconda3/envs/spider/lib/python3.8/site-packages/urllib3/util/ssl_.py", line 493, in _ssl_wrap_socket_impl
    return ssl_context.wrap_socket(sock, server_hostname=server_hostname)
  File "/root/archiconda3/envs/spider/lib/python3.8/ssl.py", line 500, in wrap_socket
    return self.sslsocket_class._create(
  File "/root/archiconda3/envs/spider/lib/python3.8/ssl.py", line 1040, in _create
    self.do_handshake()
  File "/root/archiconda3/envs/spider/lib/python3.8/ssl.py", line 1309, in do_handshake
    self._sslobj.do_handshake()
ssl.SSLZeroReturnError: TLS/SSL connection has been closed (EOF) (_ssl.c:1131)

During handling of the above exception, another exception occurred:

Traceback (most recent call last):
  File "/root/archiconda3/envs/spider/lib/python3.8/site-packages/requests/adapters.py", line 440, in send
    resp = conn.urlopen(
  File "/root/archiconda3/envs/spider/lib/python3.8/site-packages/urllib3/connectionpool.py", line 785, in urlopen
    retries = retries.increment(
  File "/root/archiconda3/envs/spider/lib/python3.8/site-packages/urllib3/util/retry.py", line 592, in increment
    raise MaxRetryError(_pool, url, error or ResponseError(cause))
urllib3.exceptions.MaxRetryError: HTTPSConnectionPool(host='www.tangwei.cc', port=443): Max retries exceeded with url: /api/receive_weibohot (Caused by SSLError(SSLZeroReturnError(6, 'TLS/SSL connection has been closed (EOF) (_ssl.c:1131)')))

During handling of the above exception, another exception occurred:

Traceback (most recent call last):
  File "/root/archiconda3/envs/spider/lib/python3.8/site-packages/twisted/internet/defer.py", line 858, in _runCallbacks
    current.result = callback(  # type: ignore[misc]
  File "/root/archiconda3/envs/spider/lib/python3.8/site-packages/scrapy/utils/defer.py", line 150, in f
    return deferred_from_coro(coro_f(*coro_args, **coro_kwargs))
  File "/var/www/html/spiders/weibohot/weibohot/pipelines.py", line 51, in process_item
    r1 = requests.post("https://www.tangwei.cc/api/receive_weibohot", data=item)
  File "/root/archiconda3/envs/spider/lib/python3.8/site-packages/requests/api.py", line 117, in post
    return request('post', url, data=data, json=json, **kwargs)
  File "/root/archiconda3/envs/spider/lib/python3.8/site-packages/requests/api.py", line 61, in request
    return session.request(method=method, url=url, **kwargs)
  File "/root/archiconda3/envs/spider/lib/python3.8/site-packages/requests/sessions.py", line 529, in request
    resp = self.send(prep, **send_kwargs)
  File "/root/archiconda3/envs/spider/lib/python3.8/site-packages/requests/sessions.py", line 645, in send
    r = adapter.send(request, **kwargs)
  File "/root/archiconda3/envs/spider/lib/python3.8/site-packages/requests/adapters.py", line 517, in send
    raise SSLError(e, request=request)
requests.exceptions.SSLError: HTTPSConnectionPool(host='www.tangwei.cc', port=443): Max retries exceeded with url: /api/receive_weibohot (Caused by SSLError(SSLZeroReturnError(6, 'TLS/SSL connection has been closed (EOF) (_ssl.c:1131)')))
2022-08-17 12:24:06 [scrapy.extensions.logstats] INFO: Crawled 7 pages (at 2 pages/min), scraped 5 items (at 1 items/min)
2022-08-17 12:27:29 [scrapy.extensions.logstats] INFO: Crawled 7 pages (at 0 pages/min), scraped 5 items (at 0 items/min)
2022-08-17 12:27:47 [scrapy.downloadermiddlewares.retry] DEBUG: Retrying <GET https://api.weibo.cn/2/searchall?gsid=_2A25Py8CXDeRxGedP6FYV-SfIyzuIHXVqwVNfrDV6PUJbkdAKLUfgkWpNXCzTk4jueNeAPSQ1toQzKFChL__tnPte&from=10C7093010&c=iphone&s=2C32767A&containerid=100103type%3D1%26q%3D%E7%94%B7%E5%AD%A9%E8%80%83%E4%B8%8A%E6%B8%85%E5%8D%8E%E6%8D%90%E7%BB%99%E6%AF%8D%E6%A0%A130%E4%B8%87%E4%BD%99%E5%85%83> (failed 1 times): [<twisted.python.failure.Failure twisted.internet.error.ConnectionLost: Connection to the other side was lost in a non-clean fashion: Connection lost.>]
2022-08-17 12:28:36 [scrapy.downloadermiddlewares.retry] DEBUG: Retrying <GET https://api.weibo.cn/2/searchall?gsid=_2A25Py8CXDeRxGedP6FYV-SfIyzuIHXVqwVNfrDV6PUJbkdAKLUfgkWpNXCzTk4jueNeAPSQ1toQzKFChL__tnPte&from=10C7093010&c=iphone&s=2C32767A&containerid=100103type%3D1%26q%3D%E8%B4%B5%E9%98%B3%E4%B8%8A%E5%8D%8A%E5%B9%B4%E7%A9%BA%E6%B0%94%E8%B4%A8%E9%87%8F%E6%8E%92%E5%90%8D%E5%85%A8%E5%9B%BD%E7%AC%AC6> (failed 1 times): [<twisted.python.failure.Failure twisted.internet.error.ConnectionLost: Connection to the other side was lost in a non-clean fashion: Connection lost.>]
2022-08-17 12:35:33 [scrapy.downloadermiddlewares.retry] DEBUG: Retrying <GET https://api.weibo.cn/2/searchall?gsid=_2A25Py8CXDeRxGedP6FYV-SfIyzuIHXVqwVNfrDV6PUJbkdAKLUfgkWpNXCzTk4jueNeAPSQ1toQzKFChL__tnPte&from=10C7093010&c=iphone&s=2C32767A&containerid=100103type%3D1%26q%3D%E8%B4%B5%E5%B7%9E%E5%8F%91%E5%B8%83%E5%85%B3%E4%BA%8E%E8%87%AA%E8%A7%89%E5%81%9A%E5%A5%BD%E4%B8%89%E5%A4%A9%E4%B8%A4%E6%A3%80%E7%AE%A1%E7%90%86%E7%9A%84%E6%8F%90%E7%A4%BA> (failed 1 times): User timeout caused connection failure: Getting https://api.weibo.cn/2/searchall?gsid=_2A25Py8CXDeRxGedP6FYV-SfIyzuIHXVqwVNfrDV6PUJbkdAKLUfgkWpNXCzTk4jueNeAPSQ1toQzKFChL__tnPte&from=10C7093010&c=iphone&s=2C32767A&containerid=100103type%3D1%26q%3D%E8%B4%B5%E5%B7%9E%E5%8F%91%E5%B8%83%E5%85%B3%E4%BA%8E%E8%87%AA%E8%A7%89%E5%81%9A%E5%A5%BD%E4%B8%89%E5%A4%A9%E4%B8%A4%E6%A3%80%E7%AE%A1%E7%90%86%E7%9A%84%E6%8F%90%E7%A4%BA took longer than 180.0 seconds..
                                                                                                                                                                                                                                                                                                                                                                                                                                                                                                                                                                                                                                                                                                              